<?xml version="1.0" encoding="UTF-8"?>
<testsuite xmlns:xsi="http://www.w3.org/2001/XMLSchema-instance" xsi:noNamespaceSchemaLocation="https://maven.apache.org/surefire/maven-surefire-plugin/xsd/surefire-test-report.xsd" name="org.example.AppTest" time="0.05" tests="2" errors="1" skipped="0" failures="0">
  <properties>
    <property name="java.specification.version" value="17"/>
    <property name="sun.cpu.isalist" value="amd64"/>
    <property name="sun.jnu.encoding" value="Cp1251"/>
    <property name="java.class.path" value="C:\Users\Fil\Desktop\JavaSber\Lection_7_HomeWork\Lection_7_HomeWork\target\test-classes;C:\Users\Fil\Desktop\JavaSber\Lection_7_HomeWork\Lection_7_HomeWork\target\classes;C:\Users\Fil\.m2\repository\junit\junit\4.11\junit-4.11.jar;C:\Users\Fil\.m2\repository\org\hamcrest\hamcrest-core\1.3\hamcrest-core-1.3.jar;"/>
    <property name="java.vm.vendor" value="Oracle Corporation"/>
    <property name="sun.arch.data.model" value="64"/>
    <property name="user.variant" value=""/>
    <property name="java.vendor.url" value="https://java.oracle.com/"/>
    <property name="user.timezone" value="Europe/Moscow"/>
    <property name="os.name" value="Windows 10"/>
    <property name="java.vm.specification.version" value="17"/>
    <property name="sun.java.launcher" value="SUN_STANDARD"/>
    <property name="user.country" value="RU"/>
    <property name="sun.boot.library.path" value="C:\Users\Fil\.jdks\openjdk-17.0.1\bin"/>
    <property name="sun.java.command" value="C:\Users\Fil\AppData\Local\Temp\surefire11030020120726059472\surefirebooter2678743991270383220.jar C:\Users\Fil\AppData\Local\Temp\surefire11030020120726059472 2022-04-26T22-15-27_440-jvmRun1 surefire17007633302468198886tmp surefire_07928910892218863104tmp"/>
    <property name="jdk.debug" value="release"/>
    <property name="surefire.test.class.path" value="C:\Users\Fil\Desktop\JavaSber\Lection_7_HomeWork\Lection_7_HomeWork\target\test-classes;C:\Users\Fil\Desktop\JavaSber\Lection_7_HomeWork\Lection_7_HomeWork\target\classes;C:\Users\Fil\.m2\repository\junit\junit\4.11\junit-4.11.jar;C:\Users\Fil\.m2\repository\org\hamcrest\hamcrest-core\1.3\hamcrest-core-1.3.jar;"/>
    <property name="sun.cpu.endian" value="little"/>
    <property name="user.home" value="C:\Users\Fil"/>
    <property name="user.language" value="ru"/>
    <property name="java.specification.vendor" value="Oracle Corporation"/>
    <property name="java.version.date" value="2021-10-19"/>
    <property name="java.home" value="C:\Users\Fil\.jdks\openjdk-17.0.1"/>
    <property name="file.separator" value="\"/>
    <property name="basedir" value="C:\Users\Fil\Desktop\JavaSber\Lection_7_HomeWork\Lection_7_HomeWork"/>
    <property name="java.vm.compressedOopsMode" value="32-bit"/>
    <property name="line.separator" value="&#10;"/>
    <property name="java.vm.specification.vendor" value="Oracle Corporation"/>
    <property name="java.specification.name" value="Java Platform API Specification"/>
    <property name="surefire.real.class.path" value="C:\Users\Fil\AppData\Local\Temp\surefire11030020120726059472\surefirebooter2678743991270383220.jar"/>
    <property name="user.script" value=""/>
    <property name="sun.management.compiler" value="HotSpot 64-Bit Tiered Compilers"/>
    <property name="java.runtime.version" value="17.0.1+12-39"/>
    <property name="user.name" value="Fil"/>
    <property name="path.separator" value=";"/>
    <property name="os.version" value="10.0"/>
    <property name="java.runtime.name" value="OpenJDK Runtime Environment"/>
    <property name="file.encoding" value="Cp1251"/>
    <property name="java.vm.name" value="OpenJDK 64-Bit Server VM"/>
    <property name="localRepository" value="C:\Users\Fil\.m2\repository"/>
    <property name="java.vendor.url.bug" value="https://bugreport.java.com/bugreport/"/>
    <property name="java.io.tmpdir" value="C:\Users\Fil\AppData\Local\Temp\"/>
    <property name="idea.version" value="2020.3.3"/>
    <property name="java.version" value="17.0.1"/>
    <property name="user.dir" value="C:\Users\Fil\Desktop\JavaSber\Lection_7_HomeWork\Lection_7_HomeWork"/>
    <property name="os.arch" value="amd64"/>
    <property name="java.vm.specification.name" value="Java Virtual Machine Specification"/>
    <property name="sun.os.patch.level" value=""/>
    <property name="native.encoding" value="Cp1251"/>
    <property name="java.library.path" value="C:\Users\Fil\.jdks\openjdk-17.0.1\bin;C:\Windows\Sun\Java\bin;C:\Windows\system32;C:\Windows;C:\Program Files (x86)\Common Files\Oracle\Java\javapath;C:\Windows\system32;C:\Windows;C:\Windows\System32\Wbem;C:\Windows\System32\WindowsPowerShell\v1.0\;C:\Program Files (x86)\NVIDIA Corporation\PhysX\Common;C:\Program Files (x86)\Marshroot;C:\Program Files (x86)\OpenVPN\bin;C:\Program Files\Polyspace\R2020a\bin;C:\Program Files\Matlab\R2020a\bin;C:\Program Files (x86)\HP\Common\HPDestPlgIn\;C:\Program Files (x86)\IVI Foundation\VISA\WinNT\Bin\;C:\Program Files\IVI Foundation\VISA\Win64\Bin\;C:\Program Files\Git\cmd;C:\Users\Fil\AppData\Local\Microsoft\WindowsApps;;."/>
    <property name="java.vm.info" value="mixed mode, sharing"/>
    <property name="java.vendor" value="Oracle Corporation"/>
    <property name="java.vm.version" value="17.0.1+12-39"/>
    <property name="sun.io.unicode.encoding" value="UnicodeLittle"/>
    <property name="java.class.version" value="61.0"/>
  </properties>
  <testcase name="PluginManagerTest" classname="org.example.AppTest" time="0.02"/>
  <testcase name="cryptTest" classname="org.example.AppTest" time="0.005">
    <error message="C:\Users\admin\Desktop\HW7\target\classes\pluginRootDirectory\HelloPlugin\HelloPlugin.class" type="java.nio.file.NoSuchFileException">java.nio.file.NoSuchFileException: C:\Users\admin\Desktop\HW7\target\classes\pluginRootDirectory\HelloPlugin\HelloPlugin.class
	at org.example.AppTest.cryptTest(AppTest.java:52)
</error>
    <system-out><![CDATA[Hello!
]]></system-out>
  </testcase>
</testsuite>